<?xml version="1.0" encoding="UTF-8"?>
<!-- Generated by org.testng.reporters.JUnitReportReporter -->
<testsuite skipped="0" hostname="Mukhesh" name="com.qa.Tests.TC004_GetRequest" tests="1" failures="0" timestamp="21 Dec 2019 07:31:44 GMT" time="3.295" errors="0">
  <testcase name="getWeatherDetails" time="3.295" classname="com.qa.Tests.TC004_GetRequest"/>
</testsuite> <!-- com.qa.Tests.TC004_GetRequest -->
