<?xml version="1.0" encoding="UTF-8"?>
<!-- Generated by org.testng.reporters.JUnitReportReporter -->
<testsuite skipped="0" hostname="Mukhesh" name="com.qa.Tests.TC003_PostRequest" tests="1" failures="0" timestamp="21 Dec 2019 06:02:41 GMT" time="4.356" errors="0">
  <testcase name="createEmployee" time="4.356" classname="com.qa.Tests.TC003_PostRequest"/>
</testsuite> <!-- com.qa.Tests.TC003_PostRequest -->
