<?xml version="1.0" encoding="UTF-8"?>
<!-- Generated by org.testng.reporters.JUnitReportReporter -->
<testsuite skipped="0" hostname="Mukhesh" name="com.qa.Tests.TC006_Get_validatingJsonResponse" tests="1" failures="0" timestamp="22 Dec 2019 05:11:10 GMT" time="12.050" errors="0">
  <testcase name="getWeatherDetails" time="12.050" classname="com.qa.Tests.TC006_Get_validatingJsonResponse"/>
</testsuite> <!-- com.qa.Tests.TC006_Get_validatingJsonResponse -->
