<?xml version="1.0" encoding="UTF-8"?>
<!-- Generated by org.testng.reporters.JUnitReportReporter -->
<testsuite skipped="0" hostname="Mukhesh" name="com.qa.Tests.TC007_Get_extractingValuesofeachNode" tests="1" failures="0" timestamp="22 Dec 2019 05:13:24 GMT" time="4.840" errors="0">
  <testcase name="getWeatherDetails" time="4.840" classname="com.qa.Tests.TC007_Get_extractingValuesofeachNode"/>
</testsuite> <!-- com.qa.Tests.TC007_Get_extractingValuesofeachNode -->
