<?xml version="1.0" encoding="UTF-8"?>
<!-- Generated by org.testng.reporters.JUnitReportReporter -->
<testsuite skipped="0" hostname="Mukhesh" name="com.qa.Tests.TC010_PostRequest_Excel" tests="4" failures="0" timestamp="23 Dec 2019 06:14:19 GMT" time="7.065" errors="0">
  <testcase name="createEmployees" time="0.965" classname="com.qa.Tests.TC010_PostRequest_Excel"/>
  <testcase name="createEmployees" time="0.953" classname="com.qa.Tests.TC010_PostRequest_Excel"/>
  <testcase name="createEmployees" time="4.242" classname="com.qa.Tests.TC010_PostRequest_Excel"/>
  <testcase name="createEmployees" time="0.905" classname="com.qa.Tests.TC010_PostRequest_Excel"/>
</testsuite> <!-- com.qa.Tests.TC010_PostRequest_Excel -->
