<?xml version="1.0" encoding="UTF-8"?>
<!-- Generated by org.testng.reporters.JUnitReportReporter -->
<testsuite skipped="0" hostname="Mukhesh" name="com.qa.Tests.TC001_GetRequest" tests="1" failures="0" timestamp="21 Dec 2019 04:56:05 GMT" time="3.690" errors="0">
  <testcase name="getWeatherDetails" time="3.690" classname="com.qa.Tests.TC001_GetRequest"/>
</testsuite> <!-- com.qa.Tests.TC001_GetRequest -->
