<?xml version="1.0" encoding="UTF-8"?>
<!-- Generated by org.testng.reporters.JUnitReportReporter -->
<testsuite skipped="0" hostname="Mukhesh" name="com.qa.Tests.TC009_PostRequest" tests="2" failures="0" timestamp="23 Dec 2019 05:42:15 GMT" time="5.373" errors="0">
  <testcase name="createEmployees" time="1.027" classname="com.qa.Tests.TC009_PostRequest"/>
  <testcase name="createEmployees" time="4.346" classname="com.qa.Tests.TC009_PostRequest"/>
</testsuite> <!-- com.qa.Tests.TC009_PostRequest -->
