<?xml version="1.0" encoding="UTF-8"?>
<!-- Generated by org.testng.reporters.JUnitReportReporter -->
<testsuite skipped="0" hostname="Mukhesh" name="com.qa.Tests.TC002_GetRequest" tests="1" failures="0" timestamp="21 Dec 2019 05:27:50 GMT" time="4.113" errors="0">
  <testcase name="GetSuperMarkets" time="4.113" classname="com.qa.Tests.TC002_GetRequest"/>
</testsuite> <!-- com.qa.Tests.TC002_GetRequest -->
